<?xml version="1.0" encoding="UTF-8"?>
<!-- Generated by org.testng.reporters.JUnitXMLReporter -->
<testsuite ignored="0" hostname="DESKTOP-PP8RICL" failures="2" tests="18" name="Test" time="110.551" errors="0" timestamp="2024-12-10T16:44:29 BDT">
  <testcase classname="testCases.TC001_VerifyBasicAuthFunctionality" name="verify_BasicAuthFunctionality" time="0.851"/>
  <testcase classname="testCases.TC002_VerifyFormAuthentication" name="verify_ValidLogin" time="2.821"/>
  <testcase classname="testCases.TC002_VerifyFormAuthentication" name="verify_InvalidLogin" time="0.979"/>
  <testcase classname="testCases.TC002_VerifyFormAuthentication" name="verify_BlankFieldsLogin" time="0.956"/>
  <testcase classname="testCases.TC003_VerifyDisappearingElements" name="verify_DisappearingElements" time="1.042">
    <failure type="java.lang.AssertionError" message="Menu items mismatch after reload #1: lists don&amp;apos;t have the same size expected [4] but found [5]">
      <![CDATA[java.lang.AssertionError: Menu items mismatch after reload #1: lists don't have the same size expected [4] but found [5]
at testCases.TC003_VerifyDisappearingElements.verify_DisappearingElements(TC003_VerifyDisappearingElements.java:31)
at java.base/java.util.ArrayList.forEach(ArrayList.java:1511)
... Removed 34 stack frames]]>
    </failure>
  </testcase> <!-- verify_DisappearingElements -->
  <testcase classname="testCases.TC004_VerifyFileUpload" name="verify_FileUpload" time="1.28"/>
  <testcase classname="testCases.TC005_VerifyDropdownListFunctionality" name="verify_DropdownList" time="1.163"/>
  <testcase classname="testCases.TC006_VerifyAddRemoveElements" name="verify_AddRemoveElements" time="21.278"/>
  <testcase classname="testCases.TC007_VerifyFloatingMenuFunctionality" name="verify_FloatingMenuFunctionality" time="1.118"/>
  <testcase classname="testCases.TC008_VerifyHoversActions" name="verify_HoversActions" time="1.452"/>
  <testcase classname="testCases.TC009_VerifyDragAndDrop" name="verify_DragAndDrop" time="0.803"/>
  <testcase classname="testCases.TC010_VerifyJavaScriptAlerts" name="verify_JsAlert" time="0.607"/>
  <testcase classname="testCases.TC010_VerifyJavaScriptAlerts" name="verify_JsConfirmAccept" time="0.106"/>
  <testcase classname="testCases.TC010_VerifyJavaScriptAlerts" name="verify_JsConfirmDismiss" time="0.086"/>
  <testcase classname="testCases.TC010_VerifyJavaScriptAlerts" name="verify_JsPrompt" time="0.126"/>
  <testcase classname="testCases.TC011_VerifyKeyPresses" name="verify_KeyPresses" time="0.974"/>
  <testcase classname="testCases.TC012_VerifyInputsFunctionality" name="verifyNumericInput" time="1.328"/>
  <testcase classname="testCases.TC013_VerifyShiftingContent" name="verifyImageDoesNotShift" time="1.641">
    <failure type="java.lang.AssertionError" message="Image position has shifted! expected [false] but found [true]">
      <![CDATA[java.lang.AssertionError: Image position has shifted! expected [false] but found [true]
at testCases.TC013_VerifyShiftingContent.verifyImageDoesNotShift(TC013_VerifyShiftingContent.java:23)
at java.base/java.util.ArrayList.forEach(ArrayList.java:1511)
... Removed 30 stack frames]]>
    </failure>
  </testcase> <!-- verifyImageDoesNotShift -->
</testsuite> <!-- Test -->
