<?xml version="1.0" encoding="UTF-8"?>
<!-- Generated by org.testng.reporters.JUnitXMLReporter -->
<testsuite ignored="0" hostname="DESKTOP-PP8RICL" failures="2" tests="18" name="Test" time="109.255" errors="0" timestamp="2024-12-10T16:34:04 BDT">
  <testcase classname="testCases.TC001_VerifyBasicAuthFunctionality" name="verify_BasicAuthFunctionality" time="0.769"/>
  <testcase classname="testCases.TC002_VerifyFormAuthentication" name="verify_ValidLogin" time="3.025"/>
  <testcase classname="testCases.TC002_VerifyFormAuthentication" name="verify_InvalidLogin" time="0.995"/>
  <testcase classname="testCases.TC002_VerifyFormAuthentication" name="verify_BlankFieldsLogin" time="0.952"/>
  <testcase classname="testCases.TC003_VerifyDisappearingElements" name="verify_DisappearingElements" time="1.835">
    <failure type="java.lang.AssertionError" message="Menu items mismatch after reload #3: lists don&amp;apos;t have the same size expected [5] but found [4]">
      <![CDATA[java.lang.AssertionError: Menu items mismatch after reload #3: lists don't have the same size expected [5] but found [4]
at testCases.TC003_VerifyDisappearingElements.verify_DisappearingElements(TC003_VerifyDisappearingElements.java:31)
at java.base/java.util.ArrayList.forEach(ArrayList.java:1511)
... Removed 34 stack frames]]>
    </failure>
  </testcase> <!-- verify_DisappearingElements -->
  <testcase classname="testCases.TC004_VerifyFileUpload" name="verify_FileUpload" time="1.211"/>
  <testcase classname="testCases.TC005_VerifyDropdownListFunctionality" name="verify_DropdownList" time="0.96"/>
  <testcase classname="testCases.TC006_VerifyAddRemoveElements" name="verify_AddRemoveElements" time="21.247"/>
  <testcase classname="testCases.TC007_VerifyFloatingMenuFunctionality" name="verify_FloatingMenuFunctionality" time="0.772"/>
  <testcase classname="testCases.TC008_VerifyHoversActions" name="verify_HoversActions" time="1.452"/>
  <testcase classname="testCases.TC009_VerifyDragAndDrop" name="verify_DragAndDrop" time="0.807"/>
  <testcase classname="testCases.TC010_VerifyJavaScriptAlerts" name="verify_JsAlert" time="0.636"/>
  <testcase classname="testCases.TC010_VerifyJavaScriptAlerts" name="verify_JsConfirmAccept" time="0.094"/>
  <testcase classname="testCases.TC010_VerifyJavaScriptAlerts" name="verify_JsConfirmDismiss" time="0.087"/>
  <testcase classname="testCases.TC010_VerifyJavaScriptAlerts" name="verify_JsPrompt" time="0.111"/>
  <testcase classname="testCases.TC011_VerifyKeyPresses" name="verify_KeyPresses" time="1.037"/>
  <testcase classname="testCases.TC012_VerifyInputsFunctionality" name="verifyNumericInput" time="1.318"/>
  <testcase classname="testCases.TC013_VerifyShiftingContent" name="verifyImageDoesNotShift" time="1.535">
    <failure type="java.lang.AssertionError" message="Image position has shifted! expected [false] but found [true]">
      <![CDATA[java.lang.AssertionError: Image position has shifted! expected [false] but found [true]
at testCases.TC013_VerifyShiftingContent.verifyImageDoesNotShift(TC013_VerifyShiftingContent.java:23)
at java.base/java.util.ArrayList.forEach(ArrayList.java:1511)
... Removed 30 stack frames]]>
    </failure>
  </testcase> <!-- verifyImageDoesNotShift -->
</testsuite> <!-- Test -->
