<?xml version="1.0" encoding="UTF-8"?>
<testsuite xmlns:xsi="http://www.w3.org/2001/XMLSchema-instance" xsi:noNamespaceSchemaLocation="https://maven.apache.org/surefire/maven-surefire-plugin/xsd/surefire-test-report.xsd" version="3.0.2" name="TestSuite" time="444.334" tests="16" errors="0" skipped="0" failures="1">
  <properties>
[...]
</properties>
  <testcase name="verify_BasicAuthFunctionality" classname="testCases.TC001_VerifyBasicAuthFunctionality" time="1.56">
    <system-out><![CDATA[2024-11-29T12:51:58.591216800Z main INFO Starting configuration XmlConfiguration[location=C:\eclipse-workspace\HerokuAppAutomationSeleniumJava\target\test-classes\log4j2.xml, lastModified=2024-09-19T07:56:35.775Z]...
2024-11-29T12:51:58.591216800Z main INFO Start watching for changes to C:\eclipse-workspace\HerokuAppAutomationSeleniumJava\target\test-classes\log4j2.xml every 0 seconds
2024-11-29T12:51:58.591216800Z main INFO Configuration XmlConfiguration[location=C:\eclipse-workspace\HerokuAppAutomationSeleniumJava\target\test-classes\log4j2.xml, lastModified=2024-09-19T07:56:35.775Z] started.
2024-11-29T12:51:58.596214100Z main INFO Stopping configuration org.apache.logging.log4j.core.config.DefaultConfiguration@31d7b7bf...
2024-11-29T12:51:58.596214100Z main INFO Configuration org.apache.logging.log4j.core.config.DefaultConfiguration@31d7b7bf stopped.
]]></system-out>
  </testcase>
  <testcase name="verify_ValidLogin" classname="testCases.TC002_VerifyFormAuthentication" time="10.264"/>
  <testcase name="verify_InvalidLogin" classname="testCases.TC002_VerifyFormAuthentication" time="1.136"/>
  <testcase name="verify_BlankFieldsLogin" classname="testCases.TC002_VerifyFormAuthentication" time="0.839"/>
  <testcase name="verify_DisappearingElements" classname="testCases.TC003_VerifyDisappearingElements" time="2.051">
    <failure message="Menu items mismatch after reload #3: lists don&apos;t have the same size expected [5] but found [4]" type="java.lang.AssertionError"><![CDATA[java.lang.AssertionError: Menu items mismatch after reload #3: lists don't have the same size expected [5] but found [4]
	at org.testng.Assert.fail(Assert.java:111)
	at org.testng.Assert.failNotEquals(Assert.java:1578)
	at org.testng.Assert.assertEqualsImpl(Assert.java:150)
	at org.testng.Assert.assertEquals(Assert.java:132)
	at org.testng.Assert.assertEquals(Assert.java:1419)
	at org.testng.Assert.assertEquals(Assert.java:1383)
	at org.testng.Assert.assertEquals(Assert.java:1630)
	at testCases.TC003_VerifyDisappearingElements.verify_DisappearingElements(TC003_VerifyDisappearingElements.java:31)
	at java.base/jdk.internal.reflect.DirectMethodHandleAccessor.invoke(DirectMethodHandleAccessor.java:103)
	at java.base/java.lang.reflect.Method.invoke(Method.java:580)
	at org.testng.internal.invokers.MethodInvocationHelper.invokeMethod(MethodInvocationHelper.java:141)
	at org.testng.internal.invokers.TestInvoker.invokeMethod(TestInvoker.java:686)
	at org.testng.internal.invokers.TestInvoker.invokeTestMethod(TestInvoker.java:230)
	at org.testng.internal.invokers.MethodRunner.runInSequence(MethodRunner.java:63)
	at org.testng.internal.invokers.TestInvoker$MethodInvocationAgent.invoke(TestInvoker.java:992)
	at org.testng.internal.invokers.TestInvoker.invokeTestMethods(TestInvoker.java:203)
	at org.testng.internal.invokers.TestMethodWorker.invokeTestMethods(TestMethodWorker.java:154)
	at org.testng.internal.invokers.TestMethodWorker.run(TestMethodWorker.java:134)
	at java.base/java.util.ArrayList.forEach(ArrayList.java:1596)
	at org.testng.TestRunner.privateRun(TestRunner.java:739)
	at org.testng.TestRunner.run(TestRunner.java:614)
	at org.testng.SuiteRunner.runTest(SuiteRunner.java:421)
	at org.testng.SuiteRunner.runSequentially(SuiteRunner.java:413)
	at org.testng.SuiteRunner.privateRun(SuiteRunner.java:373)
	at org.testng.SuiteRunner.run(SuiteRunner.java:312)
	at org.testng.SuiteRunnerWorker.runSuite(SuiteRunnerWorker.java:52)
	at org.testng.SuiteRunnerWorker.run(SuiteRunnerWorker.java:95)
	at org.testng.TestNG.runSuitesSequentially(TestNG.java:1274)
	at org.testng.TestNG.runSuitesLocally(TestNG.java:1208)
	at org.testng.TestNG.runSuites(TestNG.java:1112)
	at org.testng.TestNG.run(TestNG.java:1079)
	at org.apache.maven.surefire.testng.TestNGExecutor.run(TestNGExecutor.java:308)
	at org.apache.maven.surefire.testng.TestNGXmlTestSuite.execute(TestNGXmlTestSuite.java:71)
	at org.apache.maven.surefire.testng.TestNGProvider.invoke(TestNGProvider.java:113)
	at org.apache.maven.surefire.booter.ForkedBooter.runSuitesInProcess(ForkedBooter.java:385)
	at org.apache.maven.surefire.booter.ForkedBooter.execute(ForkedBooter.java:162)
	at org.apache.maven.surefire.booter.ForkedBooter.run(ForkedBooter.java:507)
	at org.apache.maven.surefire.booter.ForkedBooter.main(ForkedBooter.java:495)
]]></failure>
  </testcase>
  <testcase name="verify_FileUpload" classname="testCases.TC004_VerifyFileUpload" time="8.318"/>
  <testcase name="verify_DropdownList" classname="testCases.TC005_VerifyDropdownListFunctionality" time="2.574"/>
  <testcase name="verify_AddRemoveElements" classname="testCases.TC006_VerifyAddRemoveElements" time="21.183"/>
  <testcase name="verify_FloatingMenuFunctionality" classname="testCases.TC007_VerifyFloatingMenuFunctionality" time="1.82"/>
  <testcase name="verify_HoversActions" classname="testCases.TC008_VerifyHoversActions" time="1.381"/>
  <testcase name="verify_DragAndDrop" classname="testCases.TC009_VerifyDragAndDrop" time="0.781"/>
  <testcase name="verify_JsAlert" classname="testCases.TC010_VerifyJavaScriptAlerts" time="0.616"/>
  <testcase name="verify_JsConfirmAccept" classname="testCases.TC010_VerifyJavaScriptAlerts" time="0.117"/>
  <testcase name="verify_JsConfirmDismiss" classname="testCases.TC010_VerifyJavaScriptAlerts" time="0.107"/>
  <testcase name="verify_JsPrompt" classname="testCases.TC010_VerifyJavaScriptAlerts" time="0.132"/>
  <testcase name="verify_KeyPresses" classname="testCases.TC011_VerifyKeyPresses" time="1.078"/>
</testsuite>